  [1m[36m (1.0ms)[0m  [1mselect sqlite_version(*)[0m
  [1m[35m (22.0ms)[0m  CREATE TABLE "schema_migrations" ("version" varchar(255) NOT NULL) 
  [1m[36m (0.0ms)[0m  [1mPRAGMA index_list("schema_migrations")[0m
  [1m[35m (5.0ms)[0m  CREATE UNIQUE INDEX "unique_schema_migrations" ON "schema_migrations" ("version")
  [1m[36m (0.0ms)[0m  [1mSELECT "schema_migrations"."version" FROM "schema_migrations" [0m
Migrating to CreateBooks (20120612060136)
  [1m[35m (0.0ms)[0m  begin transaction
  [1m[36m (1.0ms)[0m  [1mCREATE TABLE "books" ("id" INTEGER PRIMARY KEY AUTOINCREMENT NOT NULL, "name" varchar(255), "isbn" varchar(255), "publisher" varchar(255), "author" varchar(255), "description" text, "status" varchar(255), "created_at" datetime NOT NULL, "updated_at" datetime NOT NULL) [0m
  [1m[35m (0.0ms)[0m  INSERT INTO "schema_migrations" ("version") VALUES ('20120612060136')
  [1m[36m (5.0ms)[0m  [1mcommit transaction[0m
  [1m[35m (1.0ms)[0m  select sqlite_version(*)
  [1m[36m (1.0ms)[0m  [1mSELECT "schema_migrations"."version" FROM "schema_migrations" [0m
  [1m[35m (0.0ms)[0m  PRAGMA index_list("books")


Started GET "/books/index" for 127.0.0.1 at 2012-06-12 14:18:01 +0800

AbstractController::ActionNotFound (The action 'show' could not be found for BooksController):
  actionpack (3.2.1) lib/abstract_controller/base.rb:116:in `process'
  actionpack (3.2.1) lib/abstract_controller/rendering.rb:45:in `process'
  actionpack (3.2.1) lib/action_controller/metal.rb:203:in `dispatch'
  actionpack (3.2.1) lib/action_controller/metal/rack_delegation.rb:14:in `dispatch'
  actionpack (3.2.1) lib/action_controller/metal.rb:246:in `block in action'
  actionpack (3.2.1) lib/action_dispatch/routing/route_set.rb:66:in `call'
  actionpack (3.2.1) lib/action_dispatch/routing/route_set.rb:66:in `dispatch'
  actionpack (3.2.1) lib/action_dispatch/routing/route_set.rb:30:in `call'
  journey (1.0.3) lib/journey/router.rb:68:in `block in call'
  journey (1.0.3) lib/journey/router.rb:56:in `each'
  journey (1.0.3) lib/journey/router.rb:56:in `call'
  actionpack (3.2.1) lib/action_dispatch/routing/route_set.rb:589:in `call'
  actionpack (3.2.1) lib/action_dispatch/middleware/best_standards_support.rb:17:in `call'
  rack (1.4.1) lib/rack/etag.rb:23:in `call'
  rack (1.4.1) lib/rack/conditionalget.rb:25:in `call'
  actionpack (3.2.1) lib/action_dispatch/middleware/head.rb:14:in `call'
  actionpack (3.2.1) lib/action_dispatch/middleware/params_parser.rb:21:in `call'
  actionpack (3.2.1) lib/action_dispatch/middleware/flash.rb:242:in `call'
  rack (1.4.1) lib/rack/session/abstract/id.rb:205:in `context'
  rack (1.4.1) lib/rack/session/abstract/id.rb:200:in `call'
  actionpack (3.2.1) lib/action_dispatch/middleware/cookies.rb:338:in `call'
  activerecord (3.2.1) lib/active_record/query_cache.rb:64:in `call'
  activerecord (3.2.1) lib/active_record/connection_adapters/abstract/connection_pool.rb:443:in `call'
  actionpack (3.2.1) lib/action_dispatch/middleware/callbacks.rb:28:in `block in call'
  activesupport (3.2.1) lib/active_support/callbacks.rb:405:in `_run__738155169__call__111633718__callbacks'
  activesupport (3.2.1) lib/active_support/callbacks.rb:405:in `__run_callback'
  activesupport (3.2.1) lib/active_support/callbacks.rb:385:in `_run_call_callbacks'
  activesupport (3.2.1) lib/active_support/callbacks.rb:81:in `run_callbacks'
  actionpack (3.2.1) lib/action_dispatch/middleware/callbacks.rb:27:in `call'
  actionpack (3.2.1) lib/action_dispatch/middleware/reloader.rb:65:in `call'
  actionpack (3.2.1) lib/action_dispatch/middleware/remote_ip.rb:31:in `call'
  actionpack (3.2.1) lib/action_dispatch/middleware/debug_exceptions.rb:16:in `call'
  actionpack (3.2.1) lib/action_dispatch/middleware/show_exceptions.rb:56:in `call'
  railties (3.2.1) lib/rails/rack/logger.rb:26:in `call_app'
  railties (3.2.1) lib/rails/rack/logger.rb:16:in `call'
  actionpack (3.2.1) lib/action_dispatch/middleware/request_id.rb:22:in `call'
  rack (1.4.1) lib/rack/methodoverride.rb:21:in `call'
  rack (1.4.1) lib/rack/runtime.rb:17:in `call'
  activesupport (3.2.1) lib/active_support/cache/strategy/local_cache.rb:72:in `call'
  rack (1.4.1) lib/rack/lock.rb:15:in `call'
  actionpack (3.2.1) lib/action_dispatch/middleware/static.rb:53:in `call'
  railties (3.2.1) lib/rails/engine.rb:479:in `call'
  railties (3.2.1) lib/rails/application.rb:220:in `call'
  rack (1.4.1) lib/rack/content_length.rb:14:in `call'
  railties (3.2.1) lib/rails/rack/log_tailer.rb:14:in `call'
  rack (1.4.1) lib/rack/handler/webrick.rb:59:in `service'
  C:/RailsInstaller/Ruby1.9.3/lib/ruby/1.9.1/webrick/httpserver.rb:138:in `service'
  C:/RailsInstaller/Ruby1.9.3/lib/ruby/1.9.1/webrick/httpserver.rb:94:in `run'
  C:/RailsInstaller/Ruby1.9.3/lib/ruby/1.9.1/webrick/server.rb:191:in `block in start_thread'


  Rendered C:/RailsInstaller/Ruby1.9.3/lib/ruby/gems/1.9.1/gems/actionpack-3.2.1/lib/action_dispatch/middleware/templates/rescues/unknown_action.erb within rescues/layout (47.0ms)


Started GET "/assets/rails.png" for 127.0.0.1 at 2012-06-12 14:19:51 +0800

ArgumentError (missing :action):
  config/routes.rb:6:in `block in <top (required)>'
  config/routes.rb:1:in `<top (required)>'


  Rendered C:/RailsInstaller/Ruby1.9.3/lib/ruby/gems/1.9.1/gems/actionpack-3.2.1/lib/action_dispatch/middleware/templates/rescues/_trace.erb (4.0ms)
  Rendered C:/RailsInstaller/Ruby1.9.3/lib/ruby/gems/1.9.1/gems/actionpack-3.2.1/lib/action_dispatch/middleware/templates/rescues/_request_and_response.erb (39.0ms)
  Rendered C:/RailsInstaller/Ruby1.9.3/lib/ruby/gems/1.9.1/gems/actionpack-3.2.1/lib/action_dispatch/middleware/templates/rescues/diagnostics.erb within rescues/layout (55.0ms)


Started GET "/assets/rails.png" for 127.0.0.1 at 2012-06-12 14:20:41 +0800
Served asset /rails.png - 200 OK (45ms)


Started GET "/assets/rails.png" for 127.0.0.1 at 2012-06-12 14:20:42 +0800
Served asset /rails.png - 304 Not Modified (1ms)


Started GET "/assets/rails.png" for 127.0.0.1 at 2012-06-12 14:20:42 +0800
Served asset /rails.png - 304 Not Modified (0ms)


Started GET "/assets/rails.png" for 127.0.0.1 at 2012-06-12 14:20:43 +0800
Served asset /rails.png - 304 Not Modified (0ms)


Started GET "/" for 127.0.0.1 at 2012-06-12 14:22:19 +0800
Processing by BooksController#index as HTML
  [1m[36mBook Load (0.0ms)[0m  [1mSELECT "books".* FROM "books" [0m
  Rendered books/index.html.erb within layouts/application (0.0ms)
Compiled books.css  (106ms)  (pid 38264)
Compiled application.css  (132ms)  (pid 38264)
Compiled jquery.js  (4ms)  (pid 38264)
Compiled jquery_ujs.js  (1ms)  (pid 38264)
Compiled books.js  (607ms)  (pid 38264)
Compiled application.js  (855ms)  (pid 38264)
Completed 200 OK in 1127ms (Views: 1126.1ms | ActiveRecord: 0.0ms)


Started GET "/assets/application.css?body=1" for 127.0.0.1 at 2012-06-12 14:22:20 +0800
Served asset /application.css - 304 Not Modified (24ms)


Started GET "/assets/books.css?body=1" for 127.0.0.1 at 2012-06-12 14:22:20 +0800
Served asset /books.css - 200 OK (1ms)


Started GET "/assets/jquery.js?body=1" for 127.0.0.1 at 2012-06-12 14:22:20 +0800
Served asset /jquery.js - 304 Not Modified (6ms)


Started GET "/assets/books.js?body=1" for 127.0.0.1 at 2012-06-12 14:22:20 +0800
Served asset /books.js - 200 OK (2ms)


Started GET "/assets/jquery_ujs.js?body=1" for 127.0.0.1 at 2012-06-12 14:22:20 +0800
Served asset /jquery_ujs.js - 304 Not Modified (24ms)


Started GET "/assets/application.js?body=1" for 127.0.0.1 at 2012-06-12 14:22:20 +0800
Served asset /application.js - 304 Not Modified (10ms)


Started GET "/" for 127.0.0.1 at 2012-06-12 14:33:04 +0800
Processing by BooksController#index as HTML
  [1m[35mBook Load (0.0ms)[0m  SELECT "books".* FROM "books" 
  Rendered books/index.html.erb within layouts/application (1.0ms)
Completed 200 OK in 14ms (Views: 13.0ms | ActiveRecord: 0.0ms)


Started GET "/assets/application.css?body=1" for 127.0.0.1 at 2012-06-12 14:33:04 +0800
Served asset /application.css - 304 Not Modified (0ms)


Started GET "/assets/jquery.js?body=1" for 127.0.0.1 at 2012-06-12 14:33:04 +0800
Served asset /jquery.js - 304 Not Modified (1ms)


Started GET "/assets/books.css?body=1" for 127.0.0.1 at 2012-06-12 14:33:04 +0800
Served asset /books.css - 304 Not Modified (0ms)


Started GET "/assets/jquery_ujs.js?body=1" for 127.0.0.1 at 2012-06-12 14:33:04 +0800
Served asset /jquery_ujs.js - 304 Not Modified (1ms)


Started GET "/assets/books.js?body=1" for 127.0.0.1 at 2012-06-12 14:33:04 +0800
Served asset /books.js - 304 Not Modified (0ms)


Started GET "/assets/application.js?body=1" for 127.0.0.1 at 2012-06-12 14:33:04 +0800
Served asset /application.js - 304 Not Modified (0ms)


Started GET "/" for 127.0.0.1 at 2012-06-12 14:33:06 +0800
Processing by BooksController#index as HTML
  [1m[36mBook Load (1.0ms)[0m  [1mSELECT "books".* FROM "books" [0m
  Rendered books/index.html.erb within layouts/application (1.0ms)
Completed 200 OK in 31ms (Views: 30.0ms | ActiveRecord: 1.0ms)


Started GET "/assets/application.css?body=1" for 127.0.0.1 at 2012-06-12 14:33:06 +0800
Served asset /application.css - 304 Not Modified (0ms)


Started GET "/assets/jquery.js?body=1" for 127.0.0.1 at 2012-06-12 14:33:06 +0800
Served asset /jquery.js - 304 Not Modified (0ms)


Started GET "/assets/jquery_ujs.js?body=1" for 127.0.0.1 at 2012-06-12 14:33:06 +0800
Served asset /jquery_ujs.js - 304 Not Modified (0ms)


Started GET "/assets/books.css?body=1" for 127.0.0.1 at 2012-06-12 14:33:06 +0800
Served asset /books.css - 304 Not Modified (0ms)


Started GET "/assets/application.js?body=1" for 127.0.0.1 at 2012-06-12 14:33:06 +0800
Served asset /application.js - 304 Not Modified (0ms)


Started GET "/assets/books.js?body=1" for 127.0.0.1 at 2012-06-12 14:33:06 +0800
Served asset /books.js - 304 Not Modified (0ms)


Started GET "/" for 127.0.0.1 at 2012-06-12 14:33:07 +0800
Processing by BooksController#index as HTML
  [1m[35mBook Load (0.0ms)[0m  SELECT "books".* FROM "books" 
  Rendered books/index.html.erb within layouts/application (0.0ms)
Completed 200 OK in 13ms (Views: 12.0ms | ActiveRecord: 0.0ms)


Started GET "/assets/application.css?body=1" for 127.0.0.1 at 2012-06-12 14:33:07 +0800
Served asset /application.css - 304 Not Modified (0ms)


Started GET "/assets/jquery.js?body=1" for 127.0.0.1 at 2012-06-12 14:33:07 +0800
Served asset /jquery.js - 304 Not Modified (0ms)


Started GET "/assets/jquery_ujs.js?body=1" for 127.0.0.1 at 2012-06-12 14:33:07 +0800
Served asset /jquery_ujs.js - 304 Not Modified (0ms)


Started GET "/assets/books.css?body=1" for 127.0.0.1 at 2012-06-12 14:33:07 +0800
Served asset /books.css - 304 Not Modified (0ms)


Started GET "/assets/books.js?body=1" for 127.0.0.1 at 2012-06-12 14:33:07 +0800
Served asset /books.js - 304 Not Modified (1ms)


Started GET "/assets/application.js?body=1" for 127.0.0.1 at 2012-06-12 14:33:07 +0800
Served asset /application.js - 304 Not Modified (0ms)


Started GET "/books" for 127.0.0.1 at 2012-06-12 14:34:41 +0800
Processing by BooksController#index as HTML
  [1m[36mBook Load (0.0ms)[0m  [1mSELECT "books".* FROM "books" [0m
  Rendered books/index.html.erb within layouts/application (0.0ms)
Completed 200 OK in 12ms (Views: 10.0ms | ActiveRecord: 0.0ms)


Started GET "/assets/application.css?body=1" for 127.0.0.1 at 2012-06-12 14:34:41 +0800
Served asset /application.css - 304 Not Modified (0ms)


Started GET "/assets/books.js?body=1" for 127.0.0.1 at 2012-06-12 14:34:41 +0800
Served asset /books.js - 304 Not Modified (0ms)


Started GET "/assets/jquery_ujs.js?body=1" for 127.0.0.1 at 2012-06-12 14:34:41 +0800
Served asset /jquery_ujs.js - 304 Not Modified (0ms)


Started GET "/assets/books.css?body=1" for 127.0.0.1 at 2012-06-12 14:34:41 +0800
Served asset /books.css - 304 Not Modified (0ms)


Started GET "/assets/application.js?body=1" for 127.0.0.1 at 2012-06-12 14:34:41 +0800
Served asset /application.js - 304 Not Modified (0ms)


Started GET "/assets/jquery.js?body=1" for 127.0.0.1 at 2012-06-12 14:34:42 +0800
Served asset /jquery.js - 304 Not Modified (0ms)


Started GET "/books" for 127.0.0.1 at 2012-06-12 14:34:46 +0800
Processing by BooksController#index as HTML
  [1m[35mBook Load (1.0ms)[0m  SELECT "books".* FROM "books" 
  Rendered books/index.html.erb within layouts/application (1.0ms)
Completed 200 OK in 13ms (Views: 11.0ms | ActiveRecord: 1.0ms)


Started GET "/assets/application.css?body=1" for 127.0.0.1 at 2012-06-12 14:34:46 +0800
Served asset /application.css - 304 Not Modified (1ms)


Started GET "/assets/jquery_ujs.js?body=1" for 127.0.0.1 at 2012-06-12 14:34:46 +0800
Served asset /jquery_ujs.js - 304 Not Modified (0ms)


Started GET "/assets/jquery.js?body=1" for 127.0.0.1 at 2012-06-12 14:34:46 +0800
Served asset /jquery.js - 304 Not Modified (0ms)


Started GET "/assets/books.css?body=1" for 127.0.0.1 at 2012-06-12 14:34:46 +0800
Served asset /books.css - 304 Not Modified (0ms)


Started GET "/assets/books.js?body=1" for 127.0.0.1 at 2012-06-12 14:34:46 +0800
Served asset /books.js - 304 Not Modified (0ms)


Started GET "/assets/application.js?body=1" for 127.0.0.1 at 2012-06-12 14:34:47 +0800
Served asset /application.js - 304 Not Modified (0ms)


Started GET "/books" for 127.0.0.1 at 2012-06-12 14:35:41 +0800
Processing by BooksController#index as HTML
  [1m[36mBook Load (0.0ms)[0m  [1mSELECT "books".* FROM "books" [0m
  Rendered books/index.html.erb within layouts/application (1.0ms)
Completed 200 OK in 16ms (Views: 15.0ms | ActiveRecord: 0.0ms)


Started GET "/assets/jquery.js?body=1" for 127.0.0.1 at 2012-06-12 14:35:41 +0800
Served asset /jquery.js - 304 Not Modified (0ms)


Started GET "/assets/jquery_ujs.js?body=1" for 127.0.0.1 at 2012-06-12 14:35:41 +0800
Served asset /jquery_ujs.js - 304 Not Modified (0ms)


Started GET "/assets/application.css?body=1" for 127.0.0.1 at 2012-06-12 14:35:41 +0800
Served asset /application.css - 304 Not Modified (0ms)


Started GET "/assets/books.css?body=1" for 127.0.0.1 at 2012-06-12 14:35:41 +0800
Served asset /books.css - 304 Not Modified (0ms)


Started GET "/assets/books.js?body=1" for 127.0.0.1 at 2012-06-12 14:35:41 +0800
Served asset /books.js - 304 Not Modified (1ms)


Started GET "/assets/application.js?body=1" for 127.0.0.1 at 2012-06-12 14:35:41 +0800
Served asset /application.js - 304 Not Modified (0ms)


Started GET "/books" for 127.0.0.1 at 2012-06-12 14:37:50 +0800
Processing by BooksController#index as HTML
  [1m[35mBook Load (1.0ms)[0m  SELECT "books".* FROM "books" 
  Rendered books/index.html.erb within layouts/application (1.0ms)
Completed 200 OK in 33ms (Views: 32.0ms | ActiveRecord: 1.0ms)


Started GET "/assets/books.js?body=1" for 127.0.0.1 at 2012-06-12 14:37:50 +0800
Served asset /books.js - 304 Not Modified (0ms)


Started GET "/assets/jquery.js?body=1" for 127.0.0.1 at 2012-06-12 14:37:50 +0800
Served asset /jquery.js - 304 Not Modified (0ms)


Started GET "/assets/books.css?body=1" for 127.0.0.1 at 2012-06-12 14:37:50 +0800
Served asset /books.css - 304 Not Modified (0ms)


Started GET "/assets/jquery_ujs.js?body=1" for 127.0.0.1 at 2012-06-12 14:37:51 +0800
Served asset /jquery_ujs.js - 304 Not Modified (0ms)


Started GET "/assets/application.css?body=1" for 127.0.0.1 at 2012-06-12 14:37:51 +0800
Served asset /application.css - 304 Not Modified (0ms)


Started GET "/assets/application.js?body=1" for 127.0.0.1 at 2012-06-12 14:37:51 +0800
Served asset /application.js - 304 Not Modified (0ms)


Started GET "/books/new" for 127.0.0.1 at 2012-06-12 14:37:53 +0800
Processing by BooksController#new as HTML
  Rendered books/new.html.erb within layouts/application (3.0ms)
Completed 200 OK in 27ms (Views: 17.0ms | ActiveRecord: 0.0ms)


Started GET "/assets/application.css?body=1" for 127.0.0.1 at 2012-06-12 14:37:53 +0800
Served asset /application.css - 304 Not Modified (0ms)


Started GET "/assets/jquery.js?body=1" for 127.0.0.1 at 2012-06-12 14:37:53 +0800
Served asset /jquery.js - 304 Not Modified (0ms)


Started GET "/assets/books.css?body=1" for 127.0.0.1 at 2012-06-12 14:37:53 +0800
Served asset /books.css - 304 Not Modified (0ms)


Started GET "/assets/jquery_ujs.js?body=1" for 127.0.0.1 at 2012-06-12 14:37:53 +0800
Served asset /jquery_ujs.js - 304 Not Modified (0ms)


Started GET "/assets/books.js?body=1" for 127.0.0.1 at 2012-06-12 14:37:53 +0800
Served asset /books.js - 304 Not Modified (0ms)


Started GET "/assets/application.js?body=1" for 127.0.0.1 at 2012-06-12 14:37:53 +0800
Served asset /application.js - 304 Not Modified (1ms)


Started GET "/books/new" for 127.0.0.1 at 2012-06-12 14:39:49 +0800
Processing by BooksController#new as HTML
  Rendered books/new.html.erb within layouts/application (3.0ms)
Completed 200 OK in 14ms (Views: 14.0ms | ActiveRecord: 0.0ms)


Started GET "/assets/application.css?body=1" for 127.0.0.1 at 2012-06-12 14:39:50 +0800
Served asset /application.css - 304 Not Modified (0ms)


Started GET "/assets/jquery.js?body=1" for 127.0.0.1 at 2012-06-12 14:39:50 +0800
Served asset /jquery.js - 304 Not Modified (0ms)


Started GET "/assets/jquery_ujs.js?body=1" for 127.0.0.1 at 2012-06-12 14:39:50 +0800
Served asset /jquery_ujs.js - 304 Not Modified (0ms)


Started GET "/assets/books.js?body=1" for 127.0.0.1 at 2012-06-12 14:39:50 +0800
Served asset /books.js - 304 Not Modified (0ms)


Started GET "/assets/books.css?body=1" for 127.0.0.1 at 2012-06-12 14:39:50 +0800
Served asset /books.css - 304 Not Modified (0ms)


Started GET "/assets/application.js?body=1" for 127.0.0.1 at 2012-06-12 14:39:50 +0800
Served asset /application.js - 304 Not Modified (0ms)


Started POST "/books" for 127.0.0.1 at 2012-06-12 14:43:11 +0800
Processing by BooksController#create as HTML
  Parameters: {"utf8"=>"✓", "authenticity_token"=>"L+clmEVFnFCCEhDJk3zThvR1TttEO70NlZwD6pSsESk=", "book"=>{"name"=>"Learn Ruby the hard way", "description"=>"this is a nice book to read"}, "commit"=>"Create"}
  [1m[36m (0.0ms)[0m  [1mbegin transaction[0m
  [1m[35mSQL (93.0ms)[0m  INSERT INTO "books" ("author", "created_at", "description", "isbn", "name", "publisher", "status", "updated_at") VALUES (?, ?, ?, ?, ?, ?, ?, ?)  [["author", nil], ["created_at", Tue, 12 Jun 2012 06:43:11 UTC +00:00], ["description", "this is a nice book to read"], ["isbn", nil], ["name", "Learn Ruby the hard way"], ["publisher", nil], ["status", nil], ["updated_at", Tue, 12 Jun 2012 06:43:11 UTC +00:00]]
  [1m[36m (6.0ms)[0m  [1mcommit transaction[0m
Redirected to http://localhost:8080/books
Completed 302 Found in 112ms (ActiveRecord: 99.0ms)


Started GET "/books" for 127.0.0.1 at 2012-06-12 14:43:11 +0800
Processing by BooksController#index as HTML
  [1m[35mBook Load (0.0ms)[0m  SELECT "books".* FROM "books" 
  Rendered books/index.html.erb within layouts/application (0.0ms)
Completed 200 OK in 12ms (Views: 11.0ms | ActiveRecord: 0.0ms)


Started GET "/assets/application.css?body=1" for 127.0.0.1 at 2012-06-12 14:43:11 +0800
Served asset /application.css - 304 Not Modified (0ms)


Started GET "/assets/books.css?body=1" for 127.0.0.1 at 2012-06-12 14:43:11 +0800
Served asset /books.css - 304 Not Modified (0ms)


Started GET "/assets/jquery.js?body=1" for 127.0.0.1 at 2012-06-12 14:43:11 +0800
Served asset /jquery.js - 304 Not Modified (0ms)


Started GET "/assets/jquery_ujs.js?body=1" for 127.0.0.1 at 2012-06-12 14:43:12 +0800
Served asset /jquery_ujs.js - 304 Not Modified (0ms)


Started GET "/assets/books.js?body=1" for 127.0.0.1 at 2012-06-12 14:43:12 +0800
Served asset /books.js - 304 Not Modified (0ms)


Started GET "/assets/application.js?body=1" for 127.0.0.1 at 2012-06-12 14:43:12 +0800
Served asset /application.js - 304 Not Modified (1ms)


Started GET "/" for 127.0.0.1 at 2012-06-12 14:45:21 +0800
Processing by BooksController#index as HTML
  [1m[36mBook Load (0.0ms)[0m  [1mSELECT "books".* FROM "books" [0m
  Rendered books/index.html.erb within layouts/application (1.0ms)
Completed 200 OK in 13ms (Views: 12.0ms | ActiveRecord: 0.0ms)


Started GET "/assets/books.css?body=1" for 127.0.0.1 at 2012-06-12 14:45:21 +0800
Served asset /books.css - 304 Not Modified (0ms)


Started GET "/assets/books.js?body=1" for 127.0.0.1 at 2012-06-12 14:45:21 +0800
Served asset /books.js - 304 Not Modified (0ms)


Started GET "/assets/application.css?body=1" for 127.0.0.1 at 2012-06-12 14:45:21 +0800
Served asset /application.css - 304 Not Modified (0ms)


Started GET "/assets/jquery_ujs.js?body=1" for 127.0.0.1 at 2012-06-12 14:45:21 +0800
Served asset /jquery_ujs.js - 304 Not Modified (0ms)


Started GET "/assets/jquery.js?body=1" for 127.0.0.1 at 2012-06-12 14:45:21 +0800
Served asset /jquery.js - 304 Not Modified (0ms)


Started GET "/assets/application.js?body=1" for 127.0.0.1 at 2012-06-12 14:45:21 +0800
Served asset /application.js - 304 Not Modified (1ms)


Started GET "/" for 127.0.0.1 at 2012-06-12 14:56:35 +0800
Processing by BooksController#index as HTML
  [1m[35mBook Load (0.0ms)[0m  SELECT "books".* FROM "books" 
  Rendered books/index.html.erb within layouts/application (2.0ms)
Completed 200 OK in 22ms (Views: 13.0ms | ActiveRecord: 0.0ms)


Started GET "/assets/application.css?body=1" for 127.0.0.1 at 2012-06-12 14:56:35 +0800
Served asset /application.css - 304 Not Modified (0ms)


Started GET "/assets/jquery_ujs.js?body=1" for 127.0.0.1 at 2012-06-12 14:56:35 +0800
Served asset /jquery_ujs.js - 304 Not Modified (0ms)


Started GET "/assets/books.js?body=1" for 127.0.0.1 at 2012-06-12 14:56:35 +0800
Served asset /books.js - 304 Not Modified (0ms)


Started GET "/assets/books.css?body=1" for 127.0.0.1 at 2012-06-12 14:56:35 +0800
Served asset /books.css - 304 Not Modified (0ms)


Started GET "/assets/jquery.js?body=1" for 127.0.0.1 at 2012-06-12 14:56:35 +0800
Served asset /jquery.js - 304 Not Modified (0ms)


Started GET "/assets/application.js?body=1" for 127.0.0.1 at 2012-06-12 14:56:36 +0800
Served asset /application.js - 304 Not Modified (0ms)


Started GET "/books/1" for 127.0.0.1 at 2012-06-12 14:56:39 +0800
Processing by BooksController#show as HTML
  Parameters: {"id"=>"1"}
  [1m[36mBook Load (1.0ms)[0m  [1mSELECT "books".* FROM "books" WHERE "books"."id" = ? LIMIT 1[0m  [["id", "1"]]
  Rendered books/show.html.erb within layouts/application (106.0ms)
Completed 200 OK in 121ms (Views: 119.0ms | ActiveRecord: 1.0ms)


Started GET "/assets/application.css?body=1" for 127.0.0.1 at 2012-06-12 14:56:39 +0800
Served asset /application.css - 304 Not Modified (0ms)


Started GET "/assets/books.js?body=1" for 127.0.0.1 at 2012-06-12 14:56:39 +0800
Served asset /books.js - 304 Not Modified (0ms)


Started GET "/assets/application.js?body=1" for 127.0.0.1 at 2012-06-12 14:56:39 +0800
Served asset /application.js - 304 Not Modified (1ms)


Started GET "/assets/books.css?body=1" for 127.0.0.1 at 2012-06-12 14:56:39 +0800
Served asset /books.css - 304 Not Modified (0ms)


Started GET "/assets/jquery.js?body=1" for 127.0.0.1 at 2012-06-12 14:56:39 +0800
Served asset /jquery.js - 304 Not Modified (0ms)


Started GET "/assets/jquery_ujs.js?body=1" for 127.0.0.1 at 2012-06-12 14:56:39 +0800
Served asset /jquery_ujs.js - 304 Not Modified (0ms)


Started GET "/books" for 127.0.0.1 at 2012-06-12 14:56:42 +0800
Processing by BooksController#index as HTML
  [1m[35mBook Load (0.0ms)[0m  SELECT "books".* FROM "books" 
  Rendered books/index.html.erb within layouts/application (1.0ms)
Completed 200 OK in 22ms (Views: 21.0ms | ActiveRecord: 0.0ms)


Started GET "/assets/application.css?body=1" for 127.0.0.1 at 2012-06-12 14:56:43 +0800
Served asset /application.css - 304 Not Modified (0ms)


Started GET "/assets/jquery.js?body=1" for 127.0.0.1 at 2012-06-12 14:56:43 +0800
Served asset /jquery.js - 304 Not Modified (0ms)


Started GET "/assets/books.css?body=1" for 127.0.0.1 at 2012-06-12 14:56:43 +0800
Served asset /books.css - 304 Not Modified (0ms)


Started GET "/assets/jquery_ujs.js?body=1" for 127.0.0.1 at 2012-06-12 14:56:43 +0800
Served asset /jquery_ujs.js - 304 Not Modified (0ms)


Started GET "/assets/books.js?body=1" for 127.0.0.1 at 2012-06-12 14:56:43 +0800
Served asset /books.js - 304 Not Modified (0ms)


Started GET "/assets/application.js?body=1" for 127.0.0.1 at 2012-06-12 14:56:43 +0800
Served asset /application.js - 304 Not Modified (0ms)


Started GET "/books" for 127.0.0.1 at 2012-06-12 15:03:31 +0800
Processing by BooksController#index as HTML
  [1m[36mBook Load (0.0ms)[0m  [1mSELECT "books".* FROM "books" [0m
  Rendered books/index.html.erb within layouts/application (2.0ms)
Completed 200 OK in 24ms (Views: 14.0ms | ActiveRecord: 0.0ms)


Started GET "/assets/application.css?body=1" for 127.0.0.1 at 2012-06-12 15:03:31 +0800
Served asset /application.css - 304 Not Modified (0ms)


Started GET "/assets/books.css?body=1" for 127.0.0.1 at 2012-06-12 15:03:31 +0800
Served asset /books.css - 304 Not Modified (0ms)


Started GET "/assets/jquery.js?body=1" for 127.0.0.1 at 2012-06-12 15:03:31 +0800
Served asset /jquery.js - 304 Not Modified (0ms)


Started GET "/assets/books.js?body=1" for 127.0.0.1 at 2012-06-12 15:03:31 +0800
Served asset /books.js - 304 Not Modified (0ms)


Started GET "/assets/jquery_ujs.js?body=1" for 127.0.0.1 at 2012-06-12 15:03:31 +0800
Served asset /jquery_ujs.js - 304 Not Modified (0ms)


Started GET "/assets/application.js?body=1" for 127.0.0.1 at 2012-06-12 15:03:31 +0800
Served asset /application.js - 304 Not Modified (0ms)


Started GET "/books/1/edit" for 127.0.0.1 at 2012-06-12 15:03:34 +0800
Processing by BooksController#edit as HTML
  Parameters: {"id"=>"1"}
  [1m[35mBook Load (0.0ms)[0m  SELECT "books".* FROM "books" WHERE "books"."id" = ? LIMIT 1  [["id", "1"]]
  [1m[36m (0.0ms)[0m  [1mbegin transaction[0m
  [1m[35m (0.0ms)[0m  commit transaction
Redirected to http://localhost:8080/books/1
Completed 302 Found in 5ms (ActiveRecord: 0.0ms)


Started GET "/books/1" for 127.0.0.1 at 2012-06-12 15:03:34 +0800
Processing by BooksController#show as HTML
  Parameters: {"id"=>"1"}
  [1m[36mBook Load (0.0ms)[0m  [1mSELECT "books".* FROM "books" WHERE "books"."id" = ? LIMIT 1[0m  [["id", "1"]]
  Rendered books/show.html.erb within layouts/application (1.0ms)
Completed 200 OK in 12ms (Views: 10.0ms | ActiveRecord: 0.0ms)


Started GET "/assets/application.css?body=1" for 127.0.0.1 at 2012-06-12 15:03:34 +0800
Served asset /application.css - 304 Not Modified (0ms)


Started GET "/assets/jquery.js?body=1" for 127.0.0.1 at 2012-06-12 15:03:34 +0800
Served asset /jquery.js - 304 Not Modified (0ms)


Started GET "/assets/books.css?body=1" for 127.0.0.1 at 2012-06-12 15:03:34 +0800
Served asset /books.css - 304 Not Modified (0ms)


Started GET "/assets/jquery_ujs.js?body=1" for 127.0.0.1 at 2012-06-12 15:03:34 +0800
Served asset /jquery_ujs.js - 304 Not Modified (0ms)


Started GET "/assets/books.js?body=1" for 127.0.0.1 at 2012-06-12 15:03:34 +0800
Served asset /books.js - 304 Not Modified (0ms)


Started GET "/assets/application.js?body=1" for 127.0.0.1 at 2012-06-12 15:03:34 +0800
Served asset /application.js - 304 Not Modified (1ms)


Started GET "/books" for 127.0.0.1 at 2012-06-12 15:03:37 +0800
Processing by BooksController#index as HTML
  [1m[35mBook Load (1.0ms)[0m  SELECT "books".* FROM "books" 
  Rendered books/index.html.erb within layouts/application (1.0ms)
Completed 200 OK in 14ms (Views: 12.0ms | ActiveRecord: 1.0ms)


Started GET "/assets/jquery.js?body=1" for 127.0.0.1 at 2012-06-12 15:03:37 +0800
Served asset /jquery.js - 304 Not Modified (0ms)


Started GET "/assets/jquery_ujs.js?body=1" for 127.0.0.1 at 2012-06-12 15:03:37 +0800
Served asset /jquery_ujs.js - 304 Not Modified (0ms)


Started GET "/assets/application.css?body=1" for 127.0.0.1 at 2012-06-12 15:03:37 +0800
Served asset /application.css - 304 Not Modified (0ms)


Started GET "/assets/books.js?body=1" for 127.0.0.1 at 2012-06-12 15:03:37 +0800
Served asset /books.js - 304 Not Modified (0ms)


Started GET "/assets/books.css?body=1" for 127.0.0.1 at 2012-06-12 15:03:37 +0800
Served asset /books.css - 304 Not Modified (0ms)


Started GET "/assets/application.js?body=1" for 127.0.0.1 at 2012-06-12 15:03:37 +0800
Served asset /application.js - 304 Not Modified (0ms)


Started GET "/books" for 127.0.0.1 at 2012-06-12 15:09:23 +0800
Processing by BooksController#index as HTML
  [1m[36mBook Load (1.0ms)[0m  [1mSELECT "books".* FROM "books" [0m
  Rendered books/index.html.erb within layouts/application (1.0ms)
Completed 200 OK in 21ms (Views: 11.0ms | ActiveRecord: 1.0ms)


Started GET "/assets/application.css?body=1" for 127.0.0.1 at 2012-06-12 15:09:23 +0800
Served asset /application.css - 304 Not Modified (0ms)


Started GET "/assets/jquery.js?body=1" for 127.0.0.1 at 2012-06-12 15:09:23 +0800
Served asset /jquery.js - 304 Not Modified (0ms)


Started GET "/assets/jquery_ujs.js?body=1" for 127.0.0.1 at 2012-06-12 15:09:23 +0800
Served asset /jquery_ujs.js - 304 Not Modified (0ms)


Started GET "/assets/books.css?body=1" for 127.0.0.1 at 2012-06-12 15:09:23 +0800
Served asset /books.css - 304 Not Modified (0ms)


Started GET "/assets/books.js?body=1" for 127.0.0.1 at 2012-06-12 15:09:23 +0800
Served asset /books.js - 304 Not Modified (0ms)


Started GET "/assets/application.js?body=1" for 127.0.0.1 at 2012-06-12 15:09:23 +0800
Served asset /application.js - 304 Not Modified (0ms)


Started GET "/books/1/edit" for 127.0.0.1 at 2012-06-12 15:09:25 +0800
Processing by BooksController#edit as HTML
  Parameters: {"id"=>"1"}
  [1m[35mBook Load (0.0ms)[0m  SELECT "books".* FROM "books" WHERE "books"."id" = ? LIMIT 1  [["id", "1"]]
  Rendered books/edit.html.erb within layouts/application (4.0ms)
Completed 200 OK in 19ms (Views: 17.0ms | ActiveRecord: 0.0ms)


Started GET "/assets/application.css?body=1" for 127.0.0.1 at 2012-06-12 15:09:25 +0800
Served asset /application.css - 304 Not Modified (0ms)


Started GET "/assets/books.css?body=1" for 127.0.0.1 at 2012-06-12 15:09:25 +0800
Served asset /books.css - 304 Not Modified (0ms)


Started GET "/assets/jquery_ujs.js?body=1" for 127.0.0.1 at 2012-06-12 15:09:25 +0800
Served asset /jquery_ujs.js - 304 Not Modified (0ms)


Started GET "/assets/jquery.js?body=1" for 127.0.0.1 at 2012-06-12 15:09:25 +0800
Served asset /jquery.js - 304 Not Modified (0ms)


Started GET "/assets/books.js?body=1" for 127.0.0.1 at 2012-06-12 15:09:25 +0800
Served asset /books.js - 304 Not Modified (0ms)


Started GET "/assets/application.js?body=1" for 127.0.0.1 at 2012-06-12 15:09:25 +0800
Served asset /application.js - 304 Not Modified (0ms)


Started POST "/books/1" for 127.0.0.1 at 2012-06-12 15:09:39 +0800

ActionController::RoutingError (No route matches [POST] "/books/1"):
  actionpack (3.2.1) lib/action_dispatch/middleware/debug_exceptions.rb:21:in `call'
  actionpack (3.2.1) lib/action_dispatch/middleware/show_exceptions.rb:56:in `call'
  railties (3.2.1) lib/rails/rack/logger.rb:26:in `call_app'
  railties (3.2.1) lib/rails/rack/logger.rb:16:in `call'
  actionpack (3.2.1) lib/action_dispatch/middleware/request_id.rb:22:in `call'
  rack (1.4.1) lib/rack/methodoverride.rb:21:in `call'
  rack (1.4.1) lib/rack/runtime.rb:17:in `call'
  activesupport (3.2.1) lib/active_support/cache/strategy/local_cache.rb:72:in `call'
  rack (1.4.1) lib/rack/lock.rb:15:in `call'
  actionpack (3.2.1) lib/action_dispatch/middleware/static.rb:53:in `call'
  railties (3.2.1) lib/rails/engine.rb:479:in `call'
  railties (3.2.1) lib/rails/application.rb:220:in `call'
  rack (1.4.1) lib/rack/content_length.rb:14:in `call'
  railties (3.2.1) lib/rails/rack/log_tailer.rb:14:in `call'
  rack (1.4.1) lib/rack/handler/webrick.rb:59:in `service'
  C:/RailsInstaller/Ruby1.9.3/lib/ruby/1.9.1/webrick/httpserver.rb:138:in `service'
  C:/RailsInstaller/Ruby1.9.3/lib/ruby/1.9.1/webrick/httpserver.rb:94:in `run'
  C:/RailsInstaller/Ruby1.9.3/lib/ruby/1.9.1/webrick/server.rb:191:in `block in start_thread'


  Rendered C:/RailsInstaller/Ruby1.9.3/lib/ruby/gems/1.9.1/gems/actionpack-3.2.1/lib/action_dispatch/middleware/templates/rescues/routing_error.erb within rescues/layout (1.0ms)


Started GET "/books/1/edit" for 127.0.0.1 at 2012-06-12 15:11:21 +0800
Processing by BooksController#edit as HTML
  Parameters: {"id"=>"1"}
  [1m[36mBook Load (0.0ms)[0m  [1mSELECT "books".* FROM "books" WHERE "books"."id" = ? LIMIT 1[0m  [["id", "1"]]
  Rendered books/edit.html.erb within layouts/application (3.0ms)
Completed 200 OK in 22ms (Views: 21.0ms | ActiveRecord: 0.0ms)


Started GET "/assets/jquery_ujs.js?body=1" for 127.0.0.1 at 2012-06-12 15:11:21 +0800
Served asset /jquery_ujs.js - 304 Not Modified (0ms)


Started GET "/assets/books.js?body=1" for 127.0.0.1 at 2012-06-12 15:11:21 +0800
Served asset /books.js - 304 Not Modified (0ms)


Started GET "/assets/jquery.js?body=1" for 127.0.0.1 at 2012-06-12 15:11:21 +0800
Served asset /jquery.js - 304 Not Modified (0ms)


Started GET "/assets/books.css?body=1" for 127.0.0.1 at 2012-06-12 15:11:21 +0800
Served asset /books.css - 304 Not Modified (0ms)


Started GET "/assets/application.css?body=1" for 127.0.0.1 at 2012-06-12 15:11:21 +0800
Served asset /application.css - 304 Not Modified (0ms)


Started GET "/assets/application.js?body=1" for 127.0.0.1 at 2012-06-12 15:11:21 +0800
Served asset /application.js - 304 Not Modified (0ms)


Started PUT "/books/1" for 127.0.0.1 at 2012-06-12 15:11:29 +0800
Processing by BooksController#update as HTML
  Parameters: {"utf8"=>"✓", "authenticity_token"=>"L+clmEVFnFCCEhDJk3zThvR1TttEO70NlZwD6pSsESk=", "book"=>{"name"=>"Learn Ruby the hard way", "description"=>"edit test.this is a nice book to read"}, "commit"=>"Update", "id"=>"1"}
  [1m[35mBook Load (0.0ms)[0m  SELECT "books".* FROM "books" WHERE "books"."id" = ? LIMIT 1  [["id", "1"]]
  [1m[36m (0.0ms)[0m  [1mbegin transaction[0m
  [1m[35m (1.0ms)[0m  UPDATE "books" SET "description" = 'edit test.this is a nice book to read', "updated_at" = '2012-06-12 07:11:29.675053' WHERE "books"."id" = 1
  [1m[36m (10.0ms)[0m  [1mcommit transaction[0m
Redirected to http://localhost:8080/books/1
Completed 302 Found in 17ms (ActiveRecord: 11.0ms)


Started GET "/books/1" for 127.0.0.1 at 2012-06-12 15:11:29 +0800
Processing by BooksController#show as HTML
  Parameters: {"id"=>"1"}
  [1m[35mBook Load (0.0ms)[0m  SELECT "books".* FROM "books" WHERE "books"."id" = ? LIMIT 1  [["id", "1"]]
  Rendered books/show.html.erb within layouts/application (0.0ms)
Completed 200 OK in 11ms (Views: 10.0ms | ActiveRecord: 0.0ms)


Started GET "/assets/application.css?body=1" for 127.0.0.1 at 2012-06-12 15:11:29 +0800
Served asset /application.css - 304 Not Modified (0ms)


Started GET "/assets/books.css?body=1" for 127.0.0.1 at 2012-06-12 15:11:29 +0800
Served asset /books.css - 304 Not Modified (0ms)


Started GET "/assets/jquery_ujs.js?body=1" for 127.0.0.1 at 2012-06-12 15:11:29 +0800
Served asset /jquery_ujs.js - 304 Not Modified (0ms)


Started GET "/assets/application.js?body=1" for 127.0.0.1 at 2012-06-12 15:11:29 +0800
Served asset /application.js - 304 Not Modified (0ms)


Started GET "/assets/jquery.js?body=1" for 127.0.0.1 at 2012-06-12 15:11:29 +0800
Served asset /jquery.js - 304 Not Modified (0ms)


Started GET "/assets/books.js?body=1" for 127.0.0.1 at 2012-06-12 15:11:29 +0800
Served asset /books.js - 304 Not Modified (0ms)


Started GET "/books" for 127.0.0.1 at 2012-06-12 15:11:36 +0800
Processing by BooksController#index as HTML
  [1m[36mBook Load (0.0ms)[0m  [1mSELECT "books".* FROM "books" [0m
  Rendered books/index.html.erb within layouts/application (1.0ms)
Completed 200 OK in 12ms (Views: 11.0ms | ActiveRecord: 0.0ms)


Started GET "/assets/application.css?body=1" for 127.0.0.1 at 2012-06-12 15:11:36 +0800
Served asset /application.css - 304 Not Modified (0ms)


Started GET "/assets/jquery.js?body=1" for 127.0.0.1 at 2012-06-12 15:11:36 +0800
Served asset /jquery.js - 304 Not Modified (0ms)


Started GET "/assets/books.css?body=1" for 127.0.0.1 at 2012-06-12 15:11:36 +0800
Served asset /books.css - 304 Not Modified (0ms)


Started GET "/assets/jquery_ujs.js?body=1" for 127.0.0.1 at 2012-06-12 15:11:36 +0800
Served asset /jquery_ujs.js - 304 Not Modified (0ms)


Started GET "/assets/application.js?body=1" for 127.0.0.1 at 2012-06-12 15:11:36 +0800
Served asset /application.js - 304 Not Modified (1ms)


Started GET "/assets/books.js?body=1" for 127.0.0.1 at 2012-06-12 15:11:36 +0800
Served asset /books.js - 304 Not Modified (0ms)


Started GET "/books/1" for 127.0.0.1 at 2012-06-12 15:11:38 +0800
Processing by BooksController#show as HTML
  Parameters: {"id"=>"1"}
  [1m[35mBook Load (0.0ms)[0m  SELECT "books".* FROM "books" WHERE "books"."id" = ? LIMIT 1  [["id", "1"]]
  Rendered books/show.html.erb within layouts/application (1.0ms)
Completed 200 OK in 12ms (Views: 11.0ms | ActiveRecord: 0.0ms)


Started GET "/assets/application.css?body=1" for 127.0.0.1 at 2012-06-12 15:11:38 +0800
Served asset /application.css - 304 Not Modified (0ms)


Started GET "/assets/books.css?body=1" for 127.0.0.1 at 2012-06-12 15:11:38 +0800
Served asset /books.css - 304 Not Modified (0ms)


Started GET "/assets/jquery_ujs.js?body=1" for 127.0.0.1 at 2012-06-12 15:11:38 +0800
Served asset /jquery_ujs.js - 304 Not Modified (0ms)


Started GET "/assets/books.js?body=1" for 127.0.0.1 at 2012-06-12 15:11:38 +0800
Served asset /books.js - 304 Not Modified (0ms)


Started GET "/assets/jquery.js?body=1" for 127.0.0.1 at 2012-06-12 15:11:38 +0800
Served asset /jquery.js - 304 Not Modified (0ms)


Started GET "/assets/application.js?body=1" for 127.0.0.1 at 2012-06-12 15:11:38 +0800
Served asset /application.js - 304 Not Modified (0ms)


Started GET "/books" for 127.0.0.1 at 2012-06-12 15:11:43 +0800
Processing by BooksController#index as HTML
  [1m[36mBook Load (0.0ms)[0m  [1mSELECT "books".* FROM "books" [0m
  Rendered books/index.html.erb within layouts/application (1.0ms)
Completed 200 OK in 13ms (Views: 12.0ms | ActiveRecord: 0.0ms)


Started GET "/assets/application.css?body=1" for 127.0.0.1 at 2012-06-12 15:11:43 +0800
Served asset /application.css - 304 Not Modified (0ms)


Started GET "/assets/jquery_ujs.js?body=1" for 127.0.0.1 at 2012-06-12 15:11:43 +0800
Served asset /jquery_ujs.js - 304 Not Modified (0ms)


Started GET "/assets/jquery.js?body=1" for 127.0.0.1 at 2012-06-12 15:11:43 +0800
Served asset /jquery.js - 304 Not Modified (0ms)


Started GET "/assets/books.js?body=1" for 127.0.0.1 at 2012-06-12 15:11:43 +0800
Served asset /books.js - 304 Not Modified (0ms)


Started GET "/assets/books.css?body=1" for 127.0.0.1 at 2012-06-12 15:11:43 +0800
Served asset /books.css - 304 Not Modified (1ms)


Started GET "/assets/application.js?body=1" for 127.0.0.1 at 2012-06-12 15:11:43 +0800
Served asset /application.js - 304 Not Modified (0ms)


Started GET "/books" for 127.0.0.1 at 2012-06-12 15:16:01 +0800
Processing by BooksController#index as HTML
  [1m[35mBook Load (0.0ms)[0m  SELECT "books".* FROM "books" 
  Rendered books/index.html.erb within layouts/application (2.0ms)
Completed 200 OK in 24ms (Views: 14.0ms | ActiveRecord: 0.0ms)


Started GET "/assets/jquery_ujs.js?body=1" for 127.0.0.1 at 2012-06-12 15:16:01 +0800
Served asset /jquery_ujs.js - 304 Not Modified (0ms)


Started GET "/assets/jquery.js?body=1" for 127.0.0.1 at 2012-06-12 15:16:01 +0800
Served asset /jquery.js - 304 Not Modified (0ms)


Started GET "/assets/books.js?body=1" for 127.0.0.1 at 2012-06-12 15:16:01 +0800
Served asset /books.js - 304 Not Modified (0ms)


Started GET "/assets/books.css?body=1" for 127.0.0.1 at 2012-06-12 15:16:01 +0800
Served asset /books.css - 304 Not Modified (0ms)


Started GET "/assets/application.css?body=1" for 127.0.0.1 at 2012-06-12 15:16:01 +0800
Served asset /application.css - 304 Not Modified (0ms)


Started GET "/assets/application.js?body=1" for 127.0.0.1 at 2012-06-12 15:16:02 +0800
Served asset /application.js - 304 Not Modified (1ms)


Started GET "/books.json" for 127.0.0.1 at 2012-06-12 15:19:34 +0800
Processing by BooksController#index as JSON
  [1m[36mBook Load (0.0ms)[0m  [1mSELECT "books".* FROM "books" [0m
Completed 200 OK in 11ms (Views: 1.0ms | ActiveRecord: 0.0ms)


Started GET "/books.xml" for 127.0.0.1 at 2012-06-12 15:19:42 +0800
Processing by BooksController#index as XML
  [1m[35mBook Load (0.0ms)[0m  SELECT "books".* FROM "books" 
Completed 200 OK in 175ms (Views: 0.0ms | ActiveRecord: 0.0ms)


Started GET "/books" for 127.0.0.1 at 2012-06-12 15:19:47 +0800
Processing by BooksController#index as HTML
  [1m[36mBook Load (0.0ms)[0m  [1mSELECT "books".* FROM "books" [0m
  Rendered books/index.html.erb within layouts/application (1.0ms)
Completed 200 OK in 15ms (Views: 13.0ms | ActiveRecord: 0.0ms)


Started GET "/assets/books.css?body=1" for 127.0.0.1 at 2012-06-12 15:19:47 +0800
Served asset /books.css - 304 Not Modified (0ms)


Started GET "/assets/application.css?body=1" for 127.0.0.1 at 2012-06-12 15:19:47 +0800
Served asset /application.css - 304 Not Modified (0ms)


Started GET "/assets/jquery.js?body=1" for 127.0.0.1 at 2012-06-12 15:19:47 +0800
Served asset /jquery.js - 304 Not Modified (1ms)


Started GET "/assets/books.js?body=1" for 127.0.0.1 at 2012-06-12 15:19:47 +0800
Served asset /books.js - 304 Not Modified (0ms)


Started GET "/assets/jquery_ujs.js?body=1" for 127.0.0.1 at 2012-06-12 15:19:47 +0800
Served asset /jquery_ujs.js - 304 Not Modified (0ms)


Started GET "/assets/application.js?body=1" for 127.0.0.1 at 2012-06-12 15:19:47 +0800
Served asset /application.js - 304 Not Modified (0ms)


Started GET "/books/1" for 127.0.0.1 at 2012-06-12 15:19:53 +0800
Processing by BooksController#show as HTML
  Parameters: {"id"=>"1"}
  [1m[35mBook Load (1.0ms)[0m  SELECT "books".* FROM "books" WHERE "books"."id" = ? LIMIT 1  [["id", "1"]]
  Rendered books/show.html.erb within layouts/application (0.0ms)
Completed 200 OK in 16ms (Views: 15.0ms | ActiveRecord: 1.0ms)


Started GET "/assets/books.css?body=1" for 127.0.0.1 at 2012-06-12 15:19:54 +0800
Served asset /books.css - 304 Not Modified (0ms)


Started GET "/assets/application.css?body=1" for 127.0.0.1 at 2012-06-12 15:19:54 +0800
Served asset /application.css - 304 Not Modified (0ms)


Started GET "/assets/jquery.js?body=1" for 127.0.0.1 at 2012-06-12 15:19:54 +0800
Served asset /jquery.js - 304 Not Modified (0ms)


Started GET "/assets/jquery_ujs.js?body=1" for 127.0.0.1 at 2012-06-12 15:19:54 +0800
Served asset /jquery_ujs.js - 304 Not Modified (0ms)


Started GET "/assets/books.js?body=1" for 127.0.0.1 at 2012-06-12 15:19:54 +0800
Served asset /books.js - 304 Not Modified (0ms)


Started GET "/assets/application.js?body=1" for 127.0.0.1 at 2012-06-12 15:19:54 +0800
Served asset /application.js - 304 Not Modified (0ms)


Started GET "/books" for 127.0.0.1 at 2012-06-12 15:19:58 +0800
Processing by BooksController#index as HTML
  [1m[36mBook Load (0.0ms)[0m  [1mSELECT "books".* FROM "books" [0m
  Rendered books/index.html.erb within layouts/application (1.0ms)
Completed 200 OK in 14ms (Views: 13.0ms | ActiveRecord: 0.0ms)


Started GET "/assets/books.css?body=1" for 127.0.0.1 at 2012-06-12 15:19:58 +0800
Served asset /books.css - 304 Not Modified (0ms)


Started GET "/assets/jquery_ujs.js?body=1" for 127.0.0.1 at 2012-06-12 15:19:58 +0800
Served asset /jquery_ujs.js - 304 Not Modified (0ms)


Started GET "/assets/books.js?body=1" for 127.0.0.1 at 2012-06-12 15:19:58 +0800
Served asset /books.js - 304 Not Modified (0ms)


Started GET "/assets/jquery.js?body=1" for 127.0.0.1 at 2012-06-12 15:19:58 +0800
Served asset /jquery.js - 304 Not Modified (0ms)


Started GET "/assets/application.css?body=1" for 127.0.0.1 at 2012-06-12 15:19:58 +0800
Served asset /application.css - 304 Not Modified (0ms)


Started GET "/assets/application.js?body=1" for 127.0.0.1 at 2012-06-12 15:19:58 +0800
Served asset /application.js - 304 Not Modified (1ms)


Started GET "/books.xml" for 127.0.0.1 at 2012-06-12 15:20:01 +0800
Processing by BooksController#index as XML
  [1m[35mBook Load (1.0ms)[0m  SELECT "books".* FROM "books" 
Completed 200 OK in 5ms (Views: 0.0ms | ActiveRecord: 1.0ms)


Started GET "/books" for 127.0.0.1 at 2012-06-12 15:58:58 +0800
Processing by BooksController#index as HTML
  [1m[36mBook Load (0.0ms)[0m  [1mSELECT "books".* FROM "books" [0m
  Rendered books/index.html.erb within layouts/application (1.0ms)
Completed 200 OK in 23ms (Views: 12.0ms | ActiveRecord: 0.0ms)


Started GET "/assets/jquery_ujs.js?body=1" for 127.0.0.1 at 2012-06-12 15:58:58 +0800
Served asset /jquery_ujs.js - 304 Not Modified (0ms)


Started GET "/assets/application.js?body=1" for 127.0.0.1 at 2012-06-12 15:58:58 +0800
Served asset /application.js - 304 Not Modified (0ms)


Started GET "/assets/application.css?body=1" for 127.0.0.1 at 2012-06-12 15:58:58 +0800
Served asset /application.css - 304 Not Modified (0ms)


Started GET "/assets/books.js?body=1" for 127.0.0.1 at 2012-06-12 15:58:58 +0800
Served asset /books.js - 304 Not Modified (0ms)


Started GET "/assets/books.css?body=1" for 127.0.0.1 at 2012-06-12 15:58:58 +0800
Served asset /books.css - 304 Not Modified (0ms)


Started GET "/books/1" for 127.0.0.1 at 2012-06-12 15:59:01 +0800
Processing by BooksController#show as HTML
  Parameters: {"id"=>"1"}
  [1m[35mBook Load (1.0ms)[0m  SELECT "books".* FROM "books" WHERE "books"."id" = ? LIMIT 1  [["id", "1"]]
  Rendered books/show.html.erb within layouts/application (1.0ms)
Completed 200 OK in 16ms (Views: 14.0ms | ActiveRecord: 1.0ms)


Started GET "/assets/books.css?body=1" for 127.0.0.1 at 2012-06-12 15:59:01 +0800
Served asset /books.css - 304 Not Modified (0ms)


Started GET "/assets/jquery_ujs.js?body=1" for 127.0.0.1 at 2012-06-12 15:59:01 +0800
Served asset /jquery_ujs.js - 304 Not Modified (0ms)


Started GET "/assets/application.js?body=1" for 127.0.0.1 at 2012-06-12 15:59:01 +0800
Served asset /application.js - 304 Not Modified (0ms)


Started GET "/assets/application.css?body=1" for 127.0.0.1 at 2012-06-12 15:59:01 +0800
Served asset /application.css - 304 Not Modified (0ms)


Started GET "/assets/jquery.js?body=1" for 127.0.0.1 at 2012-06-12 15:59:01 +0800
Served asset /jquery.js - 304 Not Modified (0ms)


Started GET "/assets/books.js?body=1" for 127.0.0.1 at 2012-06-12 15:59:01 +0800
Served asset /books.js - 304 Not Modified (0ms)


Started GET "/books" for 127.0.0.1 at 2012-06-12 15:59:06 +0800
Processing by BooksController#index as HTML
  [1m[36mBook Load (0.0ms)[0m  [1mSELECT "books".* FROM "books" [0m
  Rendered books/index.html.erb within layouts/application (2.0ms)
Completed 200 OK in 13ms (Views: 12.0ms | ActiveRecord: 0.0ms)


Started GET "/assets/application.css?body=1" for 127.0.0.1 at 2012-06-12 15:59:06 +0800
Served asset /application.css - 304 Not Modified (0ms)


Started GET "/assets/jquery.js?body=1" for 127.0.0.1 at 2012-06-12 15:59:06 +0800
Served asset /jquery.js - 304 Not Modified (0ms)


Started GET "/assets/books.js?body=1" for 127.0.0.1 at 2012-06-12 15:59:06 +0800
Served asset /books.js - 304 Not Modified (0ms)


Started GET "/assets/books.css?body=1" for 127.0.0.1 at 2012-06-12 15:59:06 +0800
Served asset /books.css - 304 Not Modified (0ms)


Started GET "/assets/jquery_ujs.js?body=1" for 127.0.0.1 at 2012-06-12 15:59:06 +0800
Served asset /jquery_ujs.js - 304 Not Modified (0ms)


Started GET "/assets/application.js?body=1" for 127.0.0.1 at 2012-06-12 15:59:06 +0800
Served asset /application.js - 304 Not Modified (0ms)


Started GET "/books/1/edit" for 127.0.0.1 at 2012-06-12 15:59:07 +0800
Processing by BooksController#edit as HTML
  Parameters: {"id"=>"1"}
  [1m[35mBook Load (0.0ms)[0m  SELECT "books".* FROM "books" WHERE "books"."id" = ? LIMIT 1  [["id", "1"]]
  Rendered books/edit.html.erb within layouts/application (3.0ms)
Completed 200 OK in 21ms (Views: 20.0ms | ActiveRecord: 0.0ms)


Started GET "/assets/application.css?body=1" for 127.0.0.1 at 2012-06-12 15:59:08 +0800
Served asset /application.css - 304 Not Modified (0ms)


Started GET "/assets/books.css?body=1" for 127.0.0.1 at 2012-06-12 15:59:08 +0800
Served asset /books.css - 304 Not Modified (0ms)


Started GET "/assets/jquery.js?body=1" for 127.0.0.1 at 2012-06-12 15:59:08 +0800
Served asset /jquery.js - 304 Not Modified (0ms)


Started GET "/assets/jquery_ujs.js?body=1" for 127.0.0.1 at 2012-06-12 15:59:08 +0800
Served asset /jquery_ujs.js - 304 Not Modified (0ms)


Started GET "/assets/books.js?body=1" for 127.0.0.1 at 2012-06-12 15:59:08 +0800
Served asset /books.js - 304 Not Modified (0ms)


Started GET "/assets/application.js?body=1" for 127.0.0.1 at 2012-06-12 15:59:08 +0800
Served asset /application.js - 304 Not Modified (0ms)


Started GET "/books/new" for 127.0.0.1 at 2012-06-12 15:59:15 +0800
Processing by BooksController#new as HTML
  Rendered books/new.html.erb within layouts/application (2.0ms)
Completed 200 OK in 13ms (Views: 13.0ms | ActiveRecord: 0.0ms)


Started GET "/assets/books.js?body=1" for 127.0.0.1 at 2012-06-12 15:59:15 +0800
Served asset /books.js - 304 Not Modified (0ms)


Started GET "/assets/jquery.js?body=1" for 127.0.0.1 at 2012-06-12 15:59:15 +0800
Served asset /jquery.js - 304 Not Modified (0ms)


Started GET "/assets/application.css?body=1" for 127.0.0.1 at 2012-06-12 15:59:15 +0800
Served asset /application.css - 304 Not Modified (0ms)


Started GET "/assets/jquery_ujs.js?body=1" for 127.0.0.1 at 2012-06-12 15:59:15 +0800
Served asset /jquery_ujs.js - 304 Not Modified (0ms)


Started GET "/assets/books.css?body=1" for 127.0.0.1 at 2012-06-12 15:59:15 +0800
Served asset /books.css - 304 Not Modified (0ms)


Started GET "/assets/application.js?body=1" for 127.0.0.1 at 2012-06-12 15:59:15 +0800
Served asset /application.js - 304 Not Modified (0ms)
